<?xml version="1.0" encoding="UTF-8"?>
<!-- Generated by org.testng.reporters.JUnitReportReporter -->
<testsuite skipped="0" hostname="LT-SUKR" name="com.ciklum.testcases.TC001_CreateMainMenu" tests="1" failures="0" timestamp="2022-08-27T10:00:57 IST" time="11.365" errors="0">
  <testcase name="menuClickTestcase" time="11.365" classname="com.ciklum.testcases.TC001_CreateMainMenu"/>
  <system-out/>
</testsuite> <!-- com.ciklum.testcases.TC001_CreateMainMenu -->
