<?xml version="1.0" encoding="UTF-8"?>
<!-- Generated by org.testng.reporters.JUnitReportReporter -->
<testsuite skipped="0" hostname="LT-SUKR" name="com.ciklum.testcases.TC002_ProductengineeringTest" tests="1" failures="0" timestamp="2022-08-27T10:00:57 IST" time="16.314" errors="0">
  <testcase name="productEngineeringTest" time="16.314" classname="com.ciklum.testcases.TC002_ProductengineeringTest"/>
  <system-out/>
</testsuite> <!-- com.ciklum.testcases.TC002_ProductengineeringTest -->
