<?xml version="1.0" encoding="UTF-8"?>
<!-- Generated by org.testng.reporters.JUnitReportReporter -->
<testsuite hostname="LT-SUKR" failures="0" tests="1" name="com.ciklum.PageClass.Ciklumsite" time="23.581" errors="0" timestamp="05 Jul 2022 12:41:07 GMT" skipped="0">
  <testcase classname="com.ciklum.PageClass.Ciklumsite" name="getData" time="23.581"/>
</testsuite> <!-- com.ciklum.PageClass.Ciklumsite -->
